<?xml version="1.0" encoding="UTF-8"?>
<!-- Generated by org.testng.reporters.JUnitReportReporter -->
<testsuite hostname="Mypc" name="notepad.dataread" tests="1" failures="0" timestamp="2 Jun 2016 06:48:15 GMT" time="0.182" errors="0">
  <testcase name="note" time="0.182" classname="notepad.dataread"/>
</testsuite> <!-- notepad.dataread -->
