<?xml version="1.0" encoding="UTF-8"?>
<!-- Generated by org.testng.reporters.JUnitReportReporter -->
<testsuite hostname="Mypc" name="grid.grideg2" tests="2" failures="0" timestamp="8 Jun 2016 07:38:12 GMT" time="64.098" errors="0">
  <testcase name="grid" time="37.510" classname="grid.grideg2"/>
  <testcase name="grid" time="26.588" classname="grid.grideg2"/>
</testsuite> <!-- grid.grideg2 -->
