<?xml version="1.0" encoding="UTF-8"?>
<!-- Generated by org.testng.reporters.JUnitReportReporter -->
<testsuite hostname="Mypc" name="datadrivenExcel.datadriven" tests="1" failures="0" timestamp="3 Jun 2016 07:24:25 GMT" time="122.520" errors="0">
  <testcase name="excel" time="122.520" classname="datadrivenExcel.datadriven"/>
</testsuite> <!-- datadrivenExcel.datadriven -->
