<?xml version="1.0" encoding="UTF-8"?>
<!-- Generated by org.testng.reporters.JUnitReportReporter -->
<testsuite hostname="Mypc" name="testng.empreg" tests="6" failures="0" timestamp="1 Jun 2016 06:53:44 GMT" time="77.652" errors="0">
  <testcase name="org_Empreg" time="13.935" classname="testng.empreg"/>
  <testcase name="org_Empreg" time="12.884" classname="testng.empreg"/>
  <testcase name="org_Empreg" time="12.419" classname="testng.empreg"/>
  <testcase name="org_Empreg" time="12.704" classname="testng.empreg"/>
  <testcase name="org_Empreg" time="13.096" classname="testng.empreg"/>
  <testcase name="org_Empreg" time="12.614" classname="testng.empreg"/>
</testsuite> <!-- testng.empreg -->
