<?xml version="1.0" encoding="UTF-8"?>
<!-- Generated by org.testng.reporters.JUnitReportReporter -->
<testsuite hostname="Mypc" name="grid.grideg1" tests="1" failures="0" timestamp="8 Jun 2016 07:25:41 GMT" time="63.866" errors="0">
  <testcase name="grid" time="63.866" classname="grid.grideg1"/>
</testsuite> <!-- grid.grideg1 -->
