<?xml version="1.0" encoding="UTF-8"?>
<!-- Generated by org.testng.reporters.JUnitReportReporter -->
<testsuite hostname="Mypc" name="testng.basicannotationseg2" tests="4" failures="0" timestamp="31 May 2016 06:58:50 GMT" time="0.067" errors="0">
  <testcase name="function1" time="0.023" classname="testng.basicannotationseg2"/>
  <testcase name="function3" time="0.013" classname="testng.basicannotationseg2"/>
  <testcase name="a" time="0.011" classname="testng.basicannotationseg2"/>
  <testcase name="function2" time="0.020" classname="testng.basicannotationseg2"/>
</testsuite> <!-- testng.basicannotationseg2 -->
