<?xml version="1.0" encoding="UTF-8"?>
<!-- Generated by org.testng.reporters.JUnitReportReporter -->
<testsuite hostname="Mypc" name="testng.userreg" tests="1" failures="0" timestamp="31 May 2016 07:37:17 GMT" time="27.553" errors="0">
  <testcase name="org_Userreg" time="27.553" classname="testng.userreg"/>
</testsuite> <!-- testng.userreg -->
