<?xml version="1.0" encoding="UTF-8"?>
<!-- Generated by org.testng.reporters.JUnitReportReporter -->
<testsuite hostname="Mypc" name="testng.datapovidereg2" tests="2" failures="0" timestamp="1 Jun 2016 07:23:10 GMT" time="51.818" errors="0">
  <testcase name="orglaunch" time="23.613" classname="testng.datapovidereg2"/>
  <testcase name="orglaunch" time="28.205" classname="testng.datapovidereg2"/>
</testsuite> <!-- testng.datapovidereg2 -->
