<?xml version="1.0" encoding="UTF-8"?>
<!-- Generated by org.testng.reporters.JUnitReportReporter -->
<testsuite hostname="Mypc" name="notepad.datadriven" tests="1" failures="0" timestamp="2 Jun 2016 07:09:48 GMT" time="73.858" errors="0">
  <testcase name="datadriven" time="73.858" classname="notepad.datadriven"/>
</testsuite> <!-- notepad.datadriven -->
