<?xml version="1.0" encoding="UTF-8"?>
<!-- Generated by org.testng.reporters.JUnitReportReporter -->
<testsuite hostname="Mypc" name="pom.logintest" tests="1" failures="0" timestamp="7 Jun 2016 07:08:57 GMT" time="40.298" errors="0">
  <testcase name="login" time="40.298" classname="pom.logintest"/>
</testsuite> <!-- pom.logintest -->
