<?xml version="1.0" encoding="UTF-8"?>
<!-- Generated by org.testng.reporters.JUnitReportReporter -->
<testsuite hostname="Mypc" name="testng.dataprovidereg" tests="2" failures="0" timestamp="1 Jun 2016 07:14:16 GMT" time="56.928" errors="0">
  <testcase name="orglaunch" time="31.254" classname="testng.dataprovidereg"/>
  <testcase name="orglaunch" time="25.674" classname="testng.dataprovidereg"/>
</testsuite> <!-- testng.dataprovidereg -->
