<?xml version="1.0" encoding="UTF-8"?>
<!-- Generated by org.testng.reporters.JUnitReportReporter -->
<testsuite hostname="Mypc" name="datadrivenExcel.excelops" tests="1" failures="0" timestamp="3 Jun 2016 07:13:21 GMT" time="2.280" errors="0">
  <testcase name="excel" time="2.280" classname="datadrivenExcel.excelops"/>
</testsuite> <!-- datadrivenExcel.excelops -->
