<?xml version="1.0" encoding="UTF-8"?>
<!-- Generated by org.testng.reporters.JUnitReportReporter -->
<testsuite hostname="Mypc" name="keyword.driverscript" tests="1" failures="0" timestamp="6 Jun 2016 07:22:56 GMT" time="123.492" errors="0">
  <testcase name="driver" time="123.492" classname="keyword.driverscript"/>
</testsuite> <!-- keyword.driverscript -->
