<?xml version="1.0" encoding="UTF-8"?>
<!-- Generated by org.testng.reporters.JUnitReportReporter -->
<testsuite hostname="Mypc" name="Hybrid.driverscript" tests="1" failures="0" timestamp="6 Jun 2016 07:37:36 GMT" time="180.644" errors="0">
  <testcase name="driver" time="180.644" classname="Hybrid.driverscript"/>
</testsuite> <!-- Hybrid.driverscript -->
